<?xml version="1.0" encoding="UTF-8"?>
<!-- Generated by org.testng.reporters.JUnitXMLReporter -->
<testsuite ignored="0" hostname="TungNguyen" failures="0" tests="10" name="Test" time="2.912" errors="0" timestamp="2023-09-06T11:19:39 ICT">
  <testcase classname="test.java.com.api.auto.testcase.TC_API_Login" name="TC01_Validate200Ok" time="0.013"/>
  <testcase classname="test.java.com.api.auto.testcase.TC_API_Login" name="TC02_ValidateMessage" time="0.001"/>
  <testcase classname="test.java.com.api.auto.testcase.TC_API_Login" name="TC03_ValidateToken" time="0.627"/>
  <testcase classname="test.java.com.api.auto.testcase.TC_API_Login" name="TC05_ValidateUserType" time="0.014"/>
  <testcase classname="test.java.com.api.auto.testcase.TC_API_Login" name="TC06_ValidateAccount" time="0.029"/>
  <testcase classname="test.java.com.api.auto.testcase.TC_API_CreateWork" name="TC01_Validate201Created" time="0.001"/>
  <testcase classname="test.java.com.api.auto.testcase.TC_API_CreateWork" name="TC02_idChecked" time="0.001"/>
  <testcase classname="test.java.com.api.auto.testcase.TC_API_CreateWork" name="TC03_nameWorkMatched" time="0.01"/>
  <testcase classname="test.java.com.api.auto.testcase.TC_API_CreateWork" name="TC04_experienceMatched" time="0.01"/>
  <testcase classname="test.java.com.api.auto.testcase.TC_API_CreateWork" name="TC05_educationMatched" time="0.017"/>
</testsuite> <!-- Test -->
